This is pdfTeX, Version 3.1415926-1.40.9 (MiKTeX 2.7) (preloaded format=latex 2010.8.16)  20 FEB 2013 16:08
entering extended mode
**C:/Documents*and*Settings/student/Desktop/Thesis*Paper/Fresh*Copy/thesis.tex
("C:/Documents and Settings/student/Desktop/Thesis Paper/Fresh Copy/thesis.tex"
LaTeX2e <2009/09/24>
Babel <v3.8l> and hyphenation patterns for english, dumylang, nohyphenation, ge
rman, ngerman, german-x-2009-06-19, ngerman-x-2009-06-19, french, loaded.
("C:\Program Files\MiKTeX 2.7\tex\latex\base\report.cls"
Document Class: report 2007/10/19 v1.4h Standard LaTeX document class
("C:\Program Files\MiKTeX 2.7\tex\latex\base\size12.clo"
File: size12.clo 2007/10/19 v1.4h Standard LaTeX file (size option)
)
\c@part=\count79
\c@chapter=\count80
\c@section=\count81
\c@subsection=\count82
\c@subsubsection=\count83
\c@paragraph=\count84
\c@subparagraph=\count85
\c@figure=\count86
\c@table=\count87
\abovecaptionskip=\skip41
\belowcaptionskip=\skip42
\bibindent=\dimen102
) (thesis.sty
("C:\Program Files\MiKTeX 2.7\tex\latex\graphics\graphicx.sty"
Package: graphicx 1999/02/16 v1.0f Enhanced LaTeX Graphics (DPC,SPQR)

("C:\Program Files\MiKTeX 2.7\tex\latex\graphics\keyval.sty"
Package: keyval 1999/03/16 v1.13 key=value parser (DPC)
\KV@toks@=\toks14
)
("C:\Program Files\MiKTeX 2.7\tex\latex\graphics\graphics.sty"
Package: graphics 2009/02/05 v1.0o Standard LaTeX Graphics (DPC,SPQR)

("C:\Program Files\MiKTeX 2.7\tex\latex\graphics\trig.sty"
Package: trig 1999/03/16 v1.09 sin cos tan (DPC)
)
("C:\Program Files\MiKTeX 2.7\tex\latex\00miktex\graphics.cfg"
File: graphics.cfg 2007/01/18 v1.5 graphics configuration of teTeX/TeXLive
)
Package graphics Info: Driver file: dvips.def on input line 91.

("C:\Program Files\MiKTeX 2.7\tex\latex\graphics\dvips.def"
File: dvips.def 1999/02/16 v3.0i Driver-dependant file (DPC,SPQR)
))
\Gin@req@height=\dimen103
\Gin@req@width=\dimen104
)
("C:\Program Files\MiKTeX 2.7\tex\latex\base\latexsym.sty"
Package: latexsym 1998/08/17 v2.2e Standard LaTeX package (lasy symbols)
\symlasy=\mathgroup4
LaTeX Font Info:    Overwriting symbol font `lasy' in version `bold'
(Font)                  U/lasy/m/n --> U/lasy/b/n on input line 47.
)
("C:\Program Files\MiKTeX 2.7\tex\latex\rotating\rotating.sty"
Package: rotating 2009/03/28 v2.16a rotated objects in LaTeX

("C:\Program Files\MiKTeX 2.7\tex\latex\base\ifthen.sty"
Package: ifthen 2001/05/26 v1.1c Standard LaTeX ifthen package (DPC)
)
\c@r@tfl@t=\count88
\rotFPtop=\skip43
\rotFPbot=\skip44
\rot@float@box=\box26
\rot@mess@toks=\toks15
)
\c@cor=\count89
)
\c@thm=\count90
 (thesis.aux
(abstract.aux) (ack.aux) (contents.aux) (tables.aux) (figures.aux) (chap1.aux)
(chap2.aux) (chap3.aux) (chap4.aux) (chap5.aux) (chap6.aux) (bib.aux)
(apdxa.aux))
LaTeX Font Info:    Checking defaults for OML/cmm/m/it on input line 4.
LaTeX Font Info:    ... okay on input line 4.
LaTeX Font Info:    Checking defaults for T1/cmr/m/n on input line 4.
LaTeX Font Info:    ... okay on input line 4.
LaTeX Font Info:    Checking defaults for OT1/cmr/m/n on input line 4.
LaTeX Font Info:    ... okay on input line 4.
LaTeX Font Info:    Checking defaults for OMS/cmsy/m/n on input line 4.
LaTeX Font Info:    ... okay on input line 4.
LaTeX Font Info:    Checking defaults for OMX/cmex/m/n on input line 4.
LaTeX Font Info:    ... okay on input line 4.
LaTeX Font Info:    Checking defaults for U/cmr/m/n on input line 4.
LaTeX Font Info:    ... okay on input line 4.
LaTeX Font Info:    External font `cmex10' loaded for size
(Font)              <17.28> on input line 29.
LaTeX Font Info:    External font `cmex10' loaded for size
(Font)              <12> on input line 29.
LaTeX Font Info:    Try loading font information for U+lasy on input line 29.
 ("C:\Program Files\MiKTeX 2.7\tex\latex\base\ulasy.fd"
File: ulasy.fd 1998/08/17 v2.2e LaTeX symbol font definitions
)
LaTeX Font Info:    Try loading font information for OMS+cmr on input line 29.

("C:\Program Files\MiKTeX 2.7\tex\latex\base\omscmr.fd"
File: omscmr.fd 1999/05/25 v2.5h Standard LaTeX font definitions
)
LaTeX Font Info:    Font shape `OMS/cmr/m/n' in size <12> not available
(Font)              Font shape `OMS/cmsy/m/n' tried instead on input line 29.
 [1

] (abstract.tex
Missing character: There is no “ in font cmti12!
Missing character: There is no ” in font cmti12!
Missing character: There is no “ in font cmti12!
Missing character: There is no ” in font cmti12!

[2

]) [3] (ack.tex) [4


] (contents.tex (thesis.toc
LaTeX Font Info:    External font `cmex10' loaded for size
(Font)              <8> on input line 6.
LaTeX Font Info:    External font `cmex10' loaded for size
(Font)              <6> on input line 6.
 [5



])
\tf@toc=\write3
) [6] (tables.tex
(thesis.lot)
\tf@lot=\write4
) [7



] (figures.tex (thesis.lof)
\tf@lof=\write5
) [8



] (chap1.tex
Chapter 1.
[1



]
Overfull \hbox (0.3908pt too wide) in paragraph at lines 9--10
[][]\OT1/cmr/m/n/12 Magnetic res-o-nance guided high in-ten-sity fo-cused ul-tr
a-sound treat-ment(MRgFUS)
 []

File: Ultrasounf_focused.eps Graphic file (type eps)
<Ultrasounf_focused.eps>
LaTeX Font Info:    External font `cmex10' loaded for size
(Font)              <7> on input line 14.
LaTeX Font Info:    External font `cmex10' loaded for size
(Font)              <5> on input line 14.

Underfull \hbox (badness 10000) in paragraph at lines 16--16
[][]\OT1/cmr/m/n/10 http://brainchemist.wordpress.com/2010/11/09/mri-guided-foc
used-ultrasound-surgery-
 []


LaTeX Warning: Citation `Carson.1978.JCU.126' on page 2 undefined on input line
 19.

[2]
Overfull \hbox (19.13383pt too wide) in paragraph at lines 24--24
[]\OT1/cmr/bx/n/17.28 Factor to fo-cus:Dielectric dis-si-pa-tion fac-tor, Hys-
 []

) [3] [4] (chap2.tex
Chapter 2.
File: figures/MUN_Logo_Pantone.eps Graphic file (type eps)
<figures/MUN_Logo_Pantone.eps>
File: figures/enrollment.eps Graphic file (type eps)
 <figures/enrollment.eps> [5



]
File: figures/enrollment-landscape.eps Graphic file (type eps)

<figures/enrollment-landscape.eps>
File: figures/enrollment-rotate.eps Graphic file (type eps)
 <figures/enrollment-rotate.eps> [6] [7]
File: figures/db-deadlock.eps Graphic file (type eps)

<figures/db-deadlock.eps>
Overfull \hbox (18.96304pt too wide) in paragraph at lines 46--51
[][]\OT1/cmr/m/n/12 Figure 2.5[] shows a Petri net cre-ated us-ing the \OT1/cmt
t/m/n/12 xfig \OT1/cmr/m/n/12 pro-gram (\OT1/cmtt/m/n/12 http://www.xfig.org/\O
T1/cmr/m/n/12 )
 []


Overfull \hbox (6.92888pt too wide) in paragraph at lines 52--65
[][]\OT1/cmr/m/n/12 We can also cre-ate fig-ures of text (such as short code sn
ip-pets) us-ing the []\OT1/cmtt/m/n/12 \muntxtfig
 []

[8] [9]
Overfull \hbox (17.51135pt too wide) in paragraph at lines 108--151
 [][][] 
 []

) [10] [11] (chap3.tex
Chapter 3.
) [12



] (chap4.tex
Chapter 4.
[13



] [14]) [15] (chap5.tex
Chapter 5.
) [16



] (chap6.tex
Chapter 6.
) [17



] (bib.tex (thesis.bbl
Missing character: There is no â in font cmr12!
Missing character: There is no ¤ in font cmr12!
)) [18



] (apdxa.tex
Appendix A.
) [19



] (thesis.aux (abstract.aux) (ack.aux) (contents.aux) (tables.aux)
(figures.aux) (chap1.aux) (chap2.aux) (chap3.aux) (chap4.aux) (chap5.aux)
(chap6.aux) (bib.aux) (apdxa.aux))

LaTeX Warning: There were undefined references.

 ) 
Here is how much of TeX's memory you used:
 934 strings out of 95305
 10664 string characters out of 1183042
 77249 words of memory out of 1500000
 4050 multiletter control sequences out of 110000
 12681 words of font info for 49 fonts, out of 3000000 for 5000
 14 hyphenation exceptions out of 8191
 32i,11n,25p,2370b,321s stack positions out of 5000i,500n,10000p,200000b,50000s

Output written on thesis.dvi (27 pages, 38260 bytes).
